

HI-TECH Software PIC Macro Assembler V9.83 build 10920 
                                                                                                           Wed Jul 28 10:11:40 2021


     1                           
     2                           	; HI-TECH C Compiler for PIC10/12/16 MCUs V9.83
     3                           	; Copyright (C) 1984-2011 HI-TECH Software
     4                           	;Serial no. HCPICP-123456
     5                           
     6                           	; Auto-generated runtime startup code for final link stage.
     7                           
     8                           	;
     9                           	; Compiler options:
    10                           	;
    11                           	; -oPAN2416示例程序.cof -mPAN2416示例程序.map \
    12                           	; --summary=default,-psect,-class --fill=FFFF --output=intel main.p1 \
    13                           	; system.p1 timer1.p1 WDT.p1 rf297L.p1 delay.p1 24lc02.p1 I2C_Base.p1 \
    14                           	; Key.p1 Buffer.p1 PWM.p1 recive.p1 userClock.p1 iic.p1 \
    15                           	; --chip=PAN2416AV -P --runtime=default,+stackcall \
    16                           	; --opt=default,+asm,-speed,+space,9 -E+cmscerr.err -D__DEBUG=1 -g \
    17                           	; --asmlist --errformat=Error[%n]:	%f	第%l行	%s \
    18                           	; --msgformat=Advisory[%n]	%s --warnformat=Warning[%n]:	%f	第%l行	%s
    19                           	;
    20                           
    21                           
    22                           	processor	PAN2416AV
    23                           
    24                           	global	_main,start,_exit,reset_vec
    25                           	fnroot	_main
    26                           	psect	config,class=CONFIG,delta=2
    27                           	psect	idloc,class=IDLOC,delta=2
    28                           	psect	code,class=CODE,delta=2
    29                           	psect	powerup,class=CODE,delta=2
    30                           	psect	reset_vec,class=CODE,delta=2
    31                           	psect	maintext,class=CODE,delta=2
    32  0000                     	C	set	0
    33  0002                     	Z	set	2
    34  0002                     	PCL	set	2
    35  0000                     	INDF	set	0
    36                           
    37  0003                     	STATUS	equ	3
    38  000A                     	PCLATH	equ	0Ah
    39                           
    40                           	psect	eeprom_data,class=EEDATA,delta=2,space=2
    41                           	psect	intentry,class=CODE,delta=2
    42                           	psect	functab,class=CODE,delta=2
    43                           	global	intlevel0,intlevel1,intlevel2, intlevel3, intlevel4, intlevel5
    44  0000                     intlevel0:
    45  0000                     intlevel1:
    46  0000                     intlevel2:
    47  0000                     intlevel3:
    48  0000                     intlevel4:
    49  0000                     intlevel5:
    50                           	psect	init,class=CODE,delta=2
    51                           	psect	cinit,class=CODE,delta=2
    52                           	psect	text,class=CODE,delta=2
    53                           	psect	end_init,class=CODE,delta=2
    54                           	psect	clrtext,class=CODE,delta=2
    55  0004                     	FSR	set	4
    56                           	psect	strings,class=CODE,delta=2,reloc=256
    57                           
    58                           	psect	reset_vec
    59  0000                     reset_vec:
    60                           	; No powerup routine
    61                           	global start
    62                           
    63                           ; jump to start
    64  0000  118A  280B         	goto	start & 0x7FF | (reset_vec & not 0x7FF)
    65                           
    66                           
    67                           
    68                           	psect	init
    69  000B                     start
    70  000B                     _exit
    71                           	psect	end_init
    72                           	global start_initialization
    73  000B  158A  28FF         	ljmp start_initialization	;jump to C runtime clear & initialization


HI-TECH Software PICC Macro Assembler V9.83 build 10920 
Symbol Table                                                                                               Wed Jul 28 10:11:40 2021

               _main 0CAC                 _exit 000B                 start 000B  start_initialization 08FF  
           intlevel0 0000             intlevel1 0000             intlevel2 0000             intlevel3 0000  
           intlevel4 0000             intlevel5 0000             reset_vec 0000  
