

HI-TECH Software PIC Macro Assembler V9.83 build 10920 
                                                                                                           Fri May 15 09:49:51 2020


     1                           
     2                           	; HI-TECH C Compiler for PIC10/12/16 MCUs V9.83
     3                           	; Copyright (C) 1984-2011 HI-TECH Software
     4                           	;Serial no. HCPICP-123456
     5                           
     6                           	; Auto-generated runtime startup code for final link stage.
     7                           
     8                           	;
     9                           	; Compiler options:
    10                           	;
    11                           	; -oPAN2416示例程序.cof -mPAN2416示例程序.map \
    12                           	; --summary=default,-psect,-class --fill=FFFF --output=intel main.p1 \
    13                           	; system.p1 timer0.p1 timer1.p1 timer2.p1 PWM.p1 WDT.p1 rf297L.p1 \
    14                           	; delay.p1 INT0.p1 key_scan.p1 PORTB_interrupt.p1 ADC.p1 \
    15                           	; virtual_timer.p1 recive.p1 iic.p1 e2prom.p1 --chip=PAN2416AV -P \
    16                           	; --runtime=default,+stackcall --opt=default,+asm,-speed,+space,9 \
    17                           	; -E+cmscerr.err -D__DEBUG=1 -g --asmlist \
    18                           	; --errformat=Error[%n]:	%f	第%l行	%s --msgformat=Advisory[%n]	%s \
    19                           	; --warnformat=Warning[%n]:	%f	第%l行	%s
    20                           	;
    21                           
    22                           
    23                           	processor	PAN2416AV
    24                           
    25                           	global	_main,start,_exit,reset_vec
    26                           	fnroot	_main
    27                           	psect	config,class=CONFIG,delta=2
    28                           	psect	idloc,class=IDLOC,delta=2
    29                           	psect	code,class=CODE,delta=2
    30                           	psect	powerup,class=CODE,delta=2
    31                           	psect	reset_vec,class=CODE,delta=2
    32                           	psect	maintext,class=CODE,delta=2
    33  0000                     	C	set	0
    34  0002                     	Z	set	2
    35  0002                     	PCL	set	2
    36  0000                     	INDF	set	0
    37                           
    38  0003                     	STATUS	equ	3
    39  000A                     	PCLATH	equ	0Ah
    40                           
    41                           	psect	eeprom_data,class=EEDATA,delta=2,space=2
    42                           	psect	intentry,class=CODE,delta=2
    43                           	psect	functab,class=CODE,delta=2
    44                           	global	intlevel0,intlevel1,intlevel2, intlevel3, intlevel4, intlevel5
    45  0000                     intlevel0:
    46  0000                     intlevel1:
    47  0000                     intlevel2:
    48  0000                     intlevel3:
    49  0000                     intlevel4:
    50  0000                     intlevel5:
    51                           	psect	init,class=CODE,delta=2
    52                           	psect	cinit,class=CODE,delta=2
    53                           	psect	text,class=CODE,delta=2
    54                           	psect	end_init,class=CODE,delta=2
    55                           	psect	clrtext,class=CODE,delta=2
    56  0004                     	FSR	set	4
    57                           	psect	strings,class=CODE,delta=2,reloc=256
    58                           
    59                           	psect	reset_vec
    60  0000                     reset_vec:
    61                           	; No powerup routine
    62                           	global start
    63                           
    64                           ; jump to start
    65  0000  118A  280B         	goto	start & 0x7FF | (reset_vec & not 0x7FF)
    66                           
    67                           
    68                           
    69                           	psect	init
    70  000B                     start
    71  000B                     _exit
    72                           	psect	end_init
    73                           	global start_initialization
    74  000B  158A  2DC7         	ljmp start_initialization	;jump to C runtime clear & initialization


HI-TECH Software PICC Macro Assembler V9.83 build 10920 
Symbol Table                                                                                               Fri May 15 09:49:51 2020

               _main 06E9                 _exit 000B                 start 000B  start_initialization 0DC7  
           intlevel0 0000             intlevel1 0000             intlevel2 0000             intlevel3 0000  
           intlevel4 0000             intlevel5 0000             reset_vec 0000  
