Warning[1390]:	D:\Work\project\PAV03-master\FWTRX-PAVTR-SERIALTR-PAN2416AV\src\timer1.h	第28行	identifier specifies insignificant characters beyond maximum identifier length
Warning[1390]:	D:\Work\project\PAV03-master\FWTRX-PAVTR-SERIALTR-PAN2416AV\src\timer0.h	第8行	identifier specifies insignificant characters beyond maximum identifier length
Warning[1390]:	D:\Work\project\PAV03-master\FWTRX-PAVTR-SERIALTR-PAN2416AV\src\timer1.h	第28行	identifier specifies insignificant characters beyond maximum identifier length
Warning[1390]:	D:\Work\project\PAV03-master\FWTRX-PAVTR-SERIALTR-PAN2416AV\src\timer0.h	第8行	identifier specifies insignificant characters beyond maximum identifier length
Warning[1390]:	D:\Work\project\PAV03-master\FWTRX-PAVTR-SERIALTR-PAN2416AV\src\timer0.c	第6行	identifier specifies insignificant characters beyond maximum identifier length
Warning[1390]:	D:\Work\project\PAV03-master\FWTRX-PAVTR-SERIALTR-PAN2416AV\src\timer0.c	第20行	identifier specifies insignificant characters beyond maximum identifier length
Warning[1390]:	D:\Work\project\PAV03-master\FWTRX-PAVTR-SERIALTR-PAN2416AV\src\timer1.h	第28行	identifier specifies insignificant characters beyond maximum identifier length
Warning[1390]:	D:\Work\project\PAV03-master\FWTRX-PAVTR-SERIALTR-PAN2416AV\src\timer1.c	第20行	identifier specifies insignificant characters beyond maximum identifier length
Warning[1390]:	D:\Work\project\PAV03-master\FWTRX-PAVTR-SERIALTR-PAN2416AV\src\timer1.c	第42行	identifier specifies insignificant characters beyond maximum identifier length
Warning[359]:	D:\Work\project\PAV03-master\FWTRX-PAVTR-SERIALTR-PAN2416AV\src\rf297L.c	第86行	illegal conversion between pointer types
pointer to const unsigned char -> pointer to unsigned char
Warning[359]:	D:\Work\project\PAV03-master\FWTRX-PAVTR-SERIALTR-PAN2416AV\src\rf297L.c	第87行	illegal conversion between pointer types
pointer to const unsigned char -> pointer to unsigned char
Warning[359]:	D:\Work\project\PAV03-master\FWTRX-PAVTR-SERIALTR-PAN2416AV\src\rf297L.c	第88行	illegal conversion between pointer types
pointer to const unsigned char -> pointer to unsigned char
Warning[359]:	D:\Work\project\PAV03-master\FWTRX-PAVTR-SERIALTR-PAN2416AV\src\rf297L.c	第89行	illegal conversion between pointer types
pointer to const unsigned char -> pointer to unsigned char
Warning[359]:	D:\Work\project\PAV03-master\FWTRX-PAVTR-SERIALTR-PAN2416AV\src\rf297L.c	第90行	illegal conversion between pointer types
pointer to const unsigned char -> pointer to unsigned char
Warning[359]:	D:\Work\project\PAV03-master\FWTRX-PAVTR-SERIALTR-PAN2416AV\src\rf297L.c	第91行	illegal conversion between pointer types
pointer to const unsigned char -> pointer to unsigned char
Warning[359]:	D:\Work\project\PAV03-master\FWTRX-PAVTR-SERIALTR-PAN2416AV\src\rf297L.c	第92行	illegal conversion between pointer types
pointer to const unsigned char -> pointer to unsigned char
Warning[359]:	D:\Work\project\PAV03-master\FWTRX-PAVTR-SERIALTR-PAN2416AV\src\rf297L.c	第394行	illegal conversion between pointer types
pointer to const unsigned char -> pointer to unsigned char
Warning[359]:	D:\Work\project\PAV03-master\FWTRX-PAVTR-SERIALTR-PAN2416AV\src\rf297L.c	第395行	illegal conversion between pointer types
pointer to const unsigned char -> pointer to unsigned char
Warning[359]:	D:\Work\project\PAV03-master\FWTRX-PAVTR-SERIALTR-PAN2416AV\src\rf297L.c	第396行	illegal conversion between pointer types
pointer to const unsigned char -> pointer to unsigned char
Warning[359]:	D:\Work\project\PAV03-master\FWTRX-PAVTR-SERIALTR-PAN2416AV\src\rf297L.c	第397行	illegal conversion between pointer types
pointer to const unsigned char -> pointer to unsigned char
Warning[359]:	D:\Work\project\PAV03-master\FWTRX-PAVTR-SERIALTR-PAN2416AV\src\rf297L.c	第398行	illegal conversion between pointer types
pointer to const unsigned char -> pointer to unsigned char
Warning[1390]:	D:\Work\project\PAV03-master\FWTRX-PAVTR-SERIALTR-PAN2416AV\src\timer1.h	第28行	identifier specifies insignificant characters beyond maximum identifier length
Warning[1090]:	D:\Work\project\PAV03-master\FWTRX-PAVTR-SERIALTR-PAN2416AV\src\recive.c	第26行	variable "_sys_stute" is not used
Warning[1090]:	D:\Work\project\PAV03-master\FWTRX-PAVTR-SERIALTR-PAN2416AV\src\main.c	第33行	variable "_control_id" is not used
Warning[1090]:	D:\Work\project\PAV03-master\FWTRX-PAVTR-SERIALTR-PAN2416AV\src\key_scan.c	第17行	variable "_KEY0" is not used
Warning[1090]:	D:\Work\project\PAV03-master\FWTRX-PAVTR-SERIALTR-PAN2416AV\src\key_scan.c	第18行	variable "_KEY1" is not used
Warning[1090]:	D:\Work\project\PAV03-master\FWTRX-PAVTR-SERIALTR-PAN2416AV\src\key_scan.c	第19行	variable "_KEY2" is not used
Warning[1090]:	D:\Work\project\PAV03-master\FWTRX-PAVTR-SERIALTR-PAN2416AV\src\recive.c	第34行	variable "_channel_delay" is not used
Warning[1090]:	D:\Work\project\PAV03-master\FWTRX-PAVTR-SERIALTR-PAN2416AV\src\main.c	第49行	variable "_channel_flag" is not used
Warning[1090]:	D:\Work\project\PAV03-master\FWTRX-PAVTR-SERIALTR-PAN2416AV\src\timer1.c	第17行	variable "_flag_5min_add" is not used
Warning[1090]:	D:\Work\project\PAV03-master\FWTRX-PAVTR-SERIALTR-PAN2416AV\src\recive.c	第27行	variable "_flag_5s_add" is not used
Warning[1090]:	D:\Work\project\PAV03-master\FWTRX-PAVTR-SERIALTR-PAN2416AV\src\key_scan.c	第13行	variable "_flag_time_key0_add" is not used
Warning[1090]:	D:\Work\project\PAV03-master\FWTRX-PAVTR-SERIALTR-PAN2416AV\src\key_scan.c	第14行	variable "_flag_time_key1_add" is not used
Warning[1090]:	D:\Work\project\PAV03-master\FWTRX-PAVTR-SERIALTR-PAN2416AV\src\key_scan.c	第15行	variable "_flag_time_key2_add" is not used
Warning[1090]:	D:\Work\project\PAV03-master\FWTRX-PAVTR-SERIALTR-PAN2416AV\src\main.c	第27行	variable "_sleep_flag" is not used
Warning[1090]:	D:\Work\project\PAV03-master\FWTRX-PAVTR-SERIALTR-PAN2416AV\src\rf297L.c	第8行	variable "_ACK_Payload_length" is not used
Warning[1090]:	D:\Work\project\PAV03-master\FWTRX-PAVTR-SERIALTR-PAN2416AV\src\key_scan.c	第9行	variable "_KEY0_FLAG" is not used
Warning[1090]:	D:\Work\project\PAV03-master\FWTRX-PAVTR-SERIALTR-PAN2416AV\src\key_scan.c	第10行	variable "_KEY1_FLAG" is not used
Warning[1090]:	D:\Work\project\PAV03-master\FWTRX-PAVTR-SERIALTR-PAN2416AV\src\key_scan.c	第11行	variable "_KEY2_FLAG" is not used
Warning[1090]:	D:\Work\project\PAV03-master\FWTRX-PAVTR-SERIALTR-PAN2416AV\src\recive.c	第40行	variable "_delay_flag" is not used
Warning[1090]:	D:\Work\project\PAV03-master\FWTRX-PAVTR-SERIALTR-PAN2416AV\src\main.c	第28行	variable "_flag_rx" is not used
Warning[1090]:	D:\Work\project\PAV03-master\FWTRX-PAVTR-SERIALTR-PAN2416AV\src\key_scan.c	第21行	variable "_key_long_flag" is not used
Warning[1090]:	D:\Work\project\PAV03-master\FWTRX-PAVTR-SERIALTR-PAN2416AV\src\key_scan.c	第25行	variable "_key_long_flag_add" is not used
Warning[1090]:	D:\Work\project\PAV03-master\FWTRX-PAVTR-SERIALTR-PAN2416AV\src\key_scan.c	第24行	variable "_match_channel_flag" is not used
Warning[1090]:	D:\Work\project\PAV03-master\FWTRX-PAVTR-SERIALTR-PAN2416AV\src\main.c	第56行	variable "_i" is not used
Warning[1090]:	D:\Work\project\PAV03-master\FWTRX-PAVTR-SERIALTR-PAN2416AV\src\system.c	第49行	variable "_inside_intterrupt_enable" is not used
Warning[1090]:	D:\Work\project\PAV03-master\FWTRX-PAVTR-SERIALTR-PAN2416AV\src\system.c	第49行	variable "_peripheral_intterrupt_enable" is not used
Warning[1090]:	D:\Work\project\PAV03-master\FWTRX-PAVTR-SERIALTR-PAN2416AV\src\system.c	第50行	variable "_inside_intterrupt_touch" is not used
Warning[1090]:	D:\Work\project\PAV03-master\FWTRX-PAVTR-SERIALTR-PAN2416AV\src\recive.c	第78行	variable "_diff_frame" is not used

Memory Summary:
    Program space        used   3B9h (   953) of  1000h words   ( 23.3%)
    Data space           used    52h (    82) of   158h bytes   ( 23.8%)
    EEPROM space         used     0h (     0) of    40h bytes   (  0.0%)
    Configuration bits   used     0h (     0) of     2h words   (  0.0%)
    ID Location space    used     0h (     0) of     4h bytes   (  0.0%)

