

HI-TECH Software PIC Macro Assembler V9.83 build 10920 
                                                                                                           Fri Jul 16 10:05:02 2021


     1                           
     2                           	; HI-TECH C Compiler for PIC10/12/16 MCUs V9.83
     3                           	; Copyright (C) 1984-2011 HI-TECH Software
     4                           	;Serial no. HCPICP-123456
     5                           
     6                           	; Auto-generated runtime startup code for final link stage.
     7                           
     8                           	;
     9                           	; Compiler options:
    10                           	;
    11                           	; -oFWTRX-PAVTR-SERIALTR-PAN2416AV.cof \
    12                           	; -mFWTRX-PAVTR-SERIALTR-PAN2416AV.map --summary=default,-psect,-class \
    13                           	; --fill=FFFF --output=intel main.p1 system.p1 timer0.p1 timer1.p1 \
    14                           	; timer2.p1 PWM.p1 WDT.p1 rf297L.p1 delay.p1 INT0.p1 key_scan.p1 \
    15                           	; PORTB_interrupt.p1 ADC.p1 virtual_timer.p1 recive.p1 iic.p1 e2prom.p1 \
    16                           	; uart.p1 --chip=MX5325 -P --runtime=default,+stackcall \
    17                           	; --opt=default,+asm,-speed,+space,9 -E+cmscerr.err -D__DEBUG=1 -g \
    18                           	; --asmlist --errformat=Error[%n]:	%f	第%l行	%s \
    19                           	; --msgformat=Advisory[%n]	%s --warnformat=Warning[%n]:	%f	第%l行	%s
    20                           	;
    21                           
    22                           
    23                           	processor	MX5325
    24                           
    25                           	global	_main,start,_exit,reset_vec
    26                           	fnroot	_main
    27                           	psect	config,class=CONFIG,delta=2
    28                           	psect	idloc,class=IDLOC,delta=2
    29                           	psect	code,class=CODE,delta=2
    30                           	psect	powerup,class=CODE,delta=2
    31                           	psect	reset_vec,class=CODE,delta=2
    32                           	psect	maintext,class=CODE,delta=2
    33  0000                     	C	set	0
    34  0002                     	Z	set	2
    35  0002                     	PCL	set	2
    36  0000                     	INDF	set	0
    37                           
    38  0003                     	STATUS	equ	3
    39  000A                     	PCLATH	equ	0Ah
    40                           
    41                           	psect	eeprom_data,class=EEDATA,delta=2,space=2
    42                           	psect	intentry,class=CODE,delta=2
    43                           	psect	functab,class=CODE,delta=2
    44                           	global	intlevel0,intlevel1,intlevel2, intlevel3, intlevel4, intlevel5
    45  0000                     intlevel0:
    46  0000                     intlevel1:
    47  0000                     intlevel2:
    48  0000                     intlevel3:
    49  0000                     intlevel4:
    50  0000                     intlevel5:
    51                           	psect	init,class=CODE,delta=2
    52                           	psect	cinit,class=CODE,delta=2
    53                           	psect	text,class=CODE,delta=2
    54                           	psect	end_init,class=CODE,delta=2
    55                           	psect	clrtext,class=CODE,delta=2
    56  0004                     	FSR	set	4
    57                           	psect	strings,class=CODE,delta=2,reloc=256
    58                           
    59                           	psect	reset_vec
    60  0000                     reset_vec:
    61                           	; No powerup routine
    62                           	global start
    63                           
    64                           ; jump to start
    65  0000  118A  2811         	goto	start & 0x7FF | (reset_vec & not 0x7FF)
    66                           
    67                           
    68                           
    69                           	psect	init
    70  0011                     start
    71  0011                     _exit
    72                           	psect	end_init
    73                           	global start_initialization
    74  0011  118A  2BF0         	ljmp start_initialization	;jump to C runtime clear & initialization


HI-TECH Software PICC Macro Assembler V9.83 build 10920 
Symbol Table                                                                                               Fri Jul 16 10:05:02 2021

               _main 038C                 _exit 0011                 start 0011  start_initialization 03F0  
           intlevel0 0000             intlevel1 0000             intlevel2 0000             intlevel3 0000  
           intlevel4 0000             intlevel5 0000             reset_vec 0000  
